<?xml version="1.0" encoding="UTF-8"?>
<testsuite name="com.dylanngo.starter.TestMainVerticle" tests="1" skipped="0" failures="0" errors="0" timestamp="2022-01-05T16:20:36" hostname="dylan" time="0.608">
  <properties/>
  <testcase name="verticle_deployed(Vertx, VertxTestContext)" classname="com.dylanngo.starter.TestMainVerticle" time="0.608"/>
  <system-out><![CDATA[HTTP server started on port 8888
]]></system-out>
  <system-err><![CDATA[]]></system-err>
</testsuite>
